130 : 2021-12-06 05:55:48,250 : INFO : telemetry.main : Attempt start. Configuration directory [/home/dhipu/.azure].
130 : 2021-12-06 05:55:48,250 : INFO : telemetry.check : Positive: The /home/dhipu/.azure/telemetry.txt does not exist.
130 : 2021-12-06 05:55:48,250 : DEBUG : telemetry.note : acquiring lock
130 : 2021-12-06 05:55:48,250 : DEBUG : telemetry.note : acquired lock
130 : 2021-12-06 05:55:48,251 : INFO : telemetry.note : Update the note mtime to 2021-12-06 05:55:48.251050
130 : 2021-12-06 05:55:48,251 : WARNING : telemetry.note : Fail to parse or read the timestamp 'N/A' in the note file. Set the last send time to minimal. Reason: not readable
130 : 2021-12-06 05:55:48,251 : INFO : telemetry.records : No cache to be uploaded.
130 : 2021-12-06 05:55:48,251 : INFO : telemetry.client : Accumulated 0 events. Flush the clients.
130 : 2021-12-06 05:55:48,251 : INFO : telemetry.note : Update the last send in note to 0001-01-01 00:00:00
130 : 2021-12-06 05:55:48,251 : INFO : telemetry.note : Update the note mtime to 2021-12-06 05:55:48.251739
257 : 2021-12-06 06:12:01,205 : INFO : telemetry.main : Attempt start. Configuration directory [/home/dhipu/.azure].
257 : 2021-12-06 06:12:01,205 : INFO : telemetry.check : Returns Positive.
257 : 2021-12-06 06:12:01,206 : DEBUG : telemetry.note : acquiring lock
257 : 2021-12-06 06:12:01,206 : DEBUG : telemetry.note : acquired lock
257 : 2021-12-06 06:12:01,206 : INFO : telemetry.note : Update the note mtime to 2021-12-06 06:12:01.206198
257 : 2021-12-06 06:12:01,208 : WARNING : telemetry.note : Fail to parse or read the timestamp '1-01-01T00:00:00' in the note file. Set the last send time to minimal. Reason: time data '1-01-01T00:00:00' does not match format '%Y-%m-%dT%H:%M:%S'
257 : 2021-12-06 06:12:01,208 : INFO : telemetry.records : No cache to be uploaded.
257 : 2021-12-06 06:12:01,208 : INFO : telemetry.client : Accumulated 0 events. Flush the clients.
257 : 2021-12-06 06:12:01,208 : INFO : telemetry.note : Update the last send in note to 0001-01-01 00:00:00
257 : 2021-12-06 06:12:01,208 : INFO : telemetry.note : Update the note mtime to 2021-12-06 06:12:01.208432
